{"/Users/jeremyfumeron/Documents/sideWorkspace/NestJs/gladia-tt/src/app.controller.ts": {"path":"/Users/jeremyfumeron/Documents/sideWorkspace/NestJs/gladia-tt/src/app.controller.ts","statementMap":{"0":{"start":{"line":1,"column":0},"end":{"line":1,"column":null}},"1":{"start":{"line":8,"column":0},"end":{"line":8,"column":60}},"2":{"start":{"line":9,"column":0},"end":{"line":9,"column":59}},"3":{"start":{"line":10,"column":0},"end":{"line":10,"column":53}},"4":{"start":{"line":11,"column":0},"end":{"line":11,"column":79}},"5":{"start":{"line":14,"column":7},"end":{"line":80,"column":null}},"6":{"start":{"line":16,"column":21},"end":{"line":16,"column":33}},"7":{"start":{"line":17,"column":21},"end":{"line":17,"column":40}},"8":{"start":{"line":23,"column":4},"end":{"line":23,"column":46}},"9":{"start":{"line":25,"column":20},"end":{"line":25,"column":49}},"10":{"start":{"line":26,"column":18},"end":{"line":29,"column":22}},"11":{"start":{"line":28,"column":21},"end":{"line":28,"column":32}},"12":{"start":{"line":31,"column":19},"end":{"line":31,"column":50}},"13":{"start":{"line":32,"column":4},"end":{"line":34,"column":5}},"14":{"start":{"line":33,"column":6},"end":{"line":33,"column":70}},"15":{"start":{"line":36,"column":38},"end":{"line":36,"column":40}},"16":{"start":{"line":37,"column":4},"end":{"line":69,"column":5}},"17":{"start":{"line":37,"column":17},"end":{"line":37,"column":18}},"18":{"start":{"line":38,"column":30},"end":{"line":38,"column":38}},"19":{"start":{"line":39,"column":27},"end":{"line":39,"column":39}},"20":{"start":{"line":40,"column":6},"end":{"line":49,"column":7}},"21":{"start":{"line":46,"column":8},"end":{"line":48,"column":10}},"22":{"start":{"line":50,"column":6},"end":{"line":54,"column":7}},"23":{"start":{"line":51,"column":8},"end":{"line":53,"column":10}},"24":{"start":{"line":55,"column":6},"end":{"line":59,"column":7}},"25":{"start":{"line":56,"column":8},"end":{"line":58,"column":10}},"26":{"start":{"line":60,"column":32},"end":{"line":60,"column":58}},"27":{"start":{"line":61,"column":6},"end":{"line":68,"column":9}},"28":{"start":{"line":71,"column":22},"end":{"line":74,"column":6}},"29":{"start":{"line":75,"column":30},"end":{"line":76,"column":null}},"30":{"start":{"line":76,"column":6},"end":{"line":76,"column":32}},"31":{"start":{"line":78,"column":4},"end":{"line":78,"column":40}},"32":{"start":{"line":14,"column":13},"end":{"line":14,"column":26}},"33":{"start":{"line":22,"column":8},"end":{"line":79,"column":null}},"34":{"start":{"line":14,"column":13},"end":{"line":80,"column":null}}},"fnMap":{"0":{"name":"(anonymous_4)","decl":{"start":{"line":15,"column":2},"end":{"line":15,"column":null}},"loc":{"start":{"line":17,"column":57},"end":{"line":18,"column":6}}},"1":{"name":"(anonymous_5)","decl":{"start":{"line":22,"column":2},"end":{"line":22,"column":7}},"loc":{"start":{"line":22,"column":57},"end":{"line":79,"column":3}}},"2":{"name":"(anonymous_6)","decl":{"start":{"line":28,"column":11},"end":{"line":28,"column":12}},"loc":{"start":{"line":28,"column":21},"end":{"line":28,"column":32}}},"3":{"name":"(anonymous_7)","decl":{"start":{"line":75,"column":44},"end":{"line":75,"column":45}},"loc":{"start":{"line":76,"column":6},"end":{"line":76,"column":32}}}},"branchMap":{"0":{"loc":{"start":{"line":32,"column":4},"end":{"line":34,"column":5}},"type":"if","locations":[{"start":{"line":32,"column":4},"end":{"line":34,"column":5}}]},"1":{"loc":{"start":{"line":32,"column":8},"end":{"line":32,"column":16}},"type":"binary-expr","locations":[{"start":{"line":32,"column":8},"end":{"line":32,"column":10}},{"start":{"line":32,"column":14},"end":{"line":32,"column":16}}]},"2":{"loc":{"start":{"line":40,"column":6},"end":{"line":49,"column":7}},"type":"if","locations":[{"start":{"line":40,"column":6},"end":{"line":49,"column":7}}]},"3":{"loc":{"start":{"line":41,"column":8},"end":{"line":44,"column":28}},"type":"binary-expr","locations":[{"start":{"line":41,"column":8},"end":{"line":41,"column":24}},{"start":{"line":42,"column":8},"end":{"line":42,"column":31}},{"start":{"line":43,"column":8},"end":{"line":43,"column":21}},{"start":{"line":44,"column":8},"end":{"line":44,"column":28}}]},"4":{"loc":{"start":{"line":50,"column":6},"end":{"line":54,"column":7}},"type":"if","locations":[{"start":{"line":50,"column":6},"end":{"line":54,"column":7}}]},"5":{"loc":{"start":{"line":55,"column":6},"end":{"line":59,"column":7}},"type":"if","locations":[{"start":{"line":55,"column":6},"end":{"line":59,"column":7}}]}},"s":{"0":1,"1":1,"2":1,"3":1,"4":1,"5":1,"6":6,"7":6,"8":6,"9":6,"10":6,"11":17,"12":6,"13":6,"14":2,"15":4,"16":4,"17":4,"18":4,"19":4,"20":4,"21":1,"22":3,"23":1,"24":2,"25":1,"26":1,"27":1,"28":1,"29":1,"30":1,"31":1,"32":1,"33":1,"34":1},"f":{"0":6,"1":6,"2":17,"3":1},"b":{"0":[2],"1":[6,5],"2":[1],"3":[4,4,4,3],"4":[1],"5":[1]}}
,"/Users/jeremyfumeron/Documents/sideWorkspace/NestJs/gladia-tt/src/app.module.ts": {"path":"/Users/jeremyfumeron/Documents/sideWorkspace/NestJs/gladia-tt/src/app.module.ts","statementMap":{"0":{"start":{"line":1,"column":0},"end":{"line":1,"column":40}},"1":{"start":{"line":2,"column":0},"end":{"line":2,"column":49}},"2":{"start":{"line":3,"column":0},"end":{"line":3,"column":43}},"3":{"start":{"line":4,"column":0},"end":{"line":4,"column":60}},"4":{"start":{"line":11,"column":7},"end":{"line":11,"column":null}},"5":{"start":{"line":11,"column":13},"end":{"line":11,"column":22}},"6":{"start":{"line":11,"column":13},"end":{"line":11,"column":null}}},"fnMap":{},"branchMap":{},"s":{"0":0,"1":0,"2":0,"3":0,"4":0,"5":0,"6":0},"f":{},"b":{}}
,"/Users/jeremyfumeron/Documents/sideWorkspace/NestJs/gladia-tt/src/app.service.ts": {"path":"/Users/jeremyfumeron/Documents/sideWorkspace/NestJs/gladia-tt/src/app.service.ts","statementMap":{"0":{"start":{"line":1,"column":0},"end":{"line":1,"column":44}},"1":{"start":{"line":2,"column":0},"end":{"line":2,"column":59}},"2":{"start":{"line":3,"column":0},"end":{"line":3,"column":62}},"3":{"start":{"line":5,"column":0},"end":{"line":5,"column":53}},"4":{"start":{"line":18,"column":7},"end":{"line":42,"column":null}},"5":{"start":{"line":20,"column":21},"end":{"line":20,"column":34}},"6":{"start":{"line":21,"column":21},"end":{"line":21,"column":35}},"7":{"start":{"line":25,"column":4},"end":{"line":25,"column":63}},"8":{"start":{"line":27,"column":48},"end":{"line":27,"column":50}},"9":{"start":{"line":28,"column":4},"end":{"line":38,"column":5}},"10":{"start":{"line":29,"column":6},"end":{"line":29,"column":31}},"11":{"start":{"line":30,"column":6},"end":{"line":32,"column":8}},"12":{"start":{"line":33,"column":28},"end":{"line":35,"column":null}},"13":{"start":{"line":37,"column":6},"end":{"line":37,"column":45}},"14":{"start":{"line":40,"column":4},"end":{"line":40,"column":30}},"15":{"start":{"line":18,"column":13},"end":{"line":18,"column":23}},"16":{"start":{"line":18,"column":13},"end":{"line":42,"column":null}}},"fnMap":{"0":{"name":"(anonymous_2)","decl":{"start":{"line":19,"column":2},"end":{"line":19,"column":null}},"loc":{"start":{"line":21,"column":47},"end":{"line":22,"column":6}}},"1":{"name":"(anonymous_3)","decl":{"start":{"line":24,"column":2},"end":{"line":24,"column":7}},"loc":{"start":{"line":24,"column":31},"end":{"line":41,"column":3}}}},"branchMap":{},"s":{"0":2,"1":2,"2":2,"3":2,"4":2,"5":2,"6":2,"7":1,"8":1,"9":1,"10":1,"11":1,"12":1,"13":1,"14":1,"15":2,"16":2},"f":{"0":2,"1":1},"b":{}}
,"/Users/jeremyfumeron/Documents/sideWorkspace/NestJs/gladia-tt/src/main.ts": {"path":"/Users/jeremyfumeron/Documents/sideWorkspace/NestJs/gladia-tt/src/main.ts","statementMap":{"0":{"start":{"line":1,"column":0},"end":{"line":1,"column":43}},"1":{"start":{"line":2,"column":0},"end":{"line":2,"column":41}},"2":{"start":{"line":5,"column":14},"end":{"line":5,"column":49}},"3":{"start":{"line":6,"column":2},"end":{"line":6,"column":45}},"4":{"start":{"line":8,"column":0},"end":{"line":8,"column":12}}},"fnMap":{"0":{"name":"bootstrap","decl":{"start":{"line":4,"column":15},"end":{"line":4,"column":24}},"loc":{"start":{"line":4,"column":24},"end":{"line":7,"column":1}}}},"branchMap":{"0":{"loc":{"start":{"line":6,"column":19},"end":{"line":6,"column":43}},"type":"binary-expr","locations":[{"start":{"line":6,"column":19},"end":{"line":6,"column":35}},{"start":{"line":6,"column":39},"end":{"line":6,"column":43}}]}},"s":{"0":0,"1":0,"2":0,"3":0,"4":0},"f":{"0":0},"b":{"0":[0,0]}}
,"/Users/jeremyfumeron/Documents/sideWorkspace/NestJs/gladia-tt/src/domain/enums/actions.enum.ts": {"path":"/Users/jeremyfumeron/Documents/sideWorkspace/NestJs/gladia-tt/src/domain/enums/actions.enum.ts","statementMap":{"0":{"start":{"line":1,"column":13},"end":{"line":1,"column":48}}},"fnMap":{},"branchMap":{},"s":{"0":0},"f":{},"b":{}}
,"/Users/jeremyfumeron/Documents/sideWorkspace/NestJs/gladia-tt/src/domain/enums/directions.enum.ts": {"path":"/Users/jeremyfumeron/Documents/sideWorkspace/NestJs/gladia-tt/src/domain/enums/directions.enum.ts","statementMap":{"0":{"start":{"line":1,"column":13},"end":{"line":1,"column":56}}},"fnMap":{},"branchMap":{},"s":{"0":0},"f":{},"b":{}}
,"/Users/jeremyfumeron/Documents/sideWorkspace/NestJs/gladia-tt/src/domain/enums/index.ts": {"path":"/Users/jeremyfumeron/Documents/sideWorkspace/NestJs/gladia-tt/src/domain/enums/index.ts","statementMap":{"0":{"start":{"line":1,"column":0},"end":{"line":1,"column":31}},"1":{"start":{"line":2,"column":0},"end":{"line":2,"column":34}}},"fnMap":{},"branchMap":{},"s":{"0":0,"1":0},"f":{},"b":{}}
,"/Users/jeremyfumeron/Documents/sideWorkspace/NestJs/gladia-tt/src/domain/interfaces/index.ts": {"path":"/Users/jeremyfumeron/Documents/sideWorkspace/NestJs/gladia-tt/src/domain/interfaces/index.ts","statementMap":{"0":{"start":{"line":1,"column":0},"end":{"line":1,"column":35}},"1":{"start":{"line":2,"column":0},"end":{"line":2,"column":38}},"2":{"start":{"line":3,"column":0},"end":{"line":3,"column":33}},"3":{"start":{"line":4,"column":0},"end":{"line":4,"column":34}},"4":{"start":{"line":5,"column":0},"end":{"line":5,"column":37}}},"fnMap":{},"branchMap":{},"s":{"0":0,"1":0,"2":0,"3":0,"4":0},"f":{},"b":{}}
,"/Users/jeremyfumeron/Documents/sideWorkspace/NestJs/gladia-tt/src/services/services.module.ts": {"path":"/Users/jeremyfumeron/Documents/sideWorkspace/NestJs/gladia-tt/src/services/services.module.ts","statementMap":{"0":{"start":{"line":1,"column":0},"end":{"line":1,"column":40}},"1":{"start":{"line":2,"column":0},"end":{"line":2,"column":50}},"2":{"start":{"line":3,"column":0},"end":{"line":3,"column":53}},"3":{"start":{"line":4,"column":0},"end":{"line":4,"column":73}},"4":{"start":{"line":5,"column":0},"end":{"line":5,"column":70}},"5":{"start":{"line":17,"column":7},"end":{"line":17,"column":null}},"6":{"start":{"line":17,"column":13},"end":{"line":17,"column":27}},"7":{"start":{"line":17,"column":13},"end":{"line":17,"column":null}}},"fnMap":{},"branchMap":{},"s":{"0":0,"1":0,"2":0,"3":0,"4":0,"5":0,"6":0,"7":0},"f":{},"b":{}}
,"/Users/jeremyfumeron/Documents/sideWorkspace/NestJs/gladia-tt/src/services/lawn/lawn.service.ts": {"path":"/Users/jeremyfumeron/Documents/sideWorkspace/NestJs/gladia-tt/src/services/lawn/lawn.service.ts","statementMap":{"0":{"start":{"line":1,"column":0},"end":{"line":1,"column":65}},"1":{"start":{"line":3,"column":0},"end":{"line":3,"column":74}},"2":{"start":{"line":6,"column":7},"end":{"line":36,"column":null}},"3":{"start":{"line":7,"column":31},"end":{"line":7,"column":44}},"4":{"start":{"line":10,"column":4},"end":{"line":14,"column":5}},"5":{"start":{"line":11,"column":6},"end":{"line":13,"column":8}},"6":{"start":{"line":16,"column":23},"end":{"line":19,"column":6}},"7":{"start":{"line":21,"column":4},"end":{"line":21,"column":54}},"8":{"start":{"line":23,"column":4},"end":{"line":23,"column":16}},"9":{"start":{"line":27,"column":17},"end":{"line":27,"column":39}},"10":{"start":{"line":28,"column":4},"end":{"line":30,"column":5}},"11":{"start":{"line":29,"column":6},"end":{"line":29,"column":19}},"12":{"start":{"line":31,"column":4},"end":{"line":33,"column":5}},"13":{"start":{"line":32,"column":6},"end":{"line":32,"column":19}},"14":{"start":{"line":34,"column":4},"end":{"line":34,"column":16}},"15":{"start":{"line":6,"column":13},"end":{"line":6,"column":24}},"16":{"start":{"line":6,"column":13},"end":{"line":36,"column":null}}},"fnMap":{"0":{"name":"(anonymous_2)","decl":{"start":{"line":7,"column":2},"end":{"line":7,"column":31}},"loc":{"start":{"line":7,"column":62},"end":{"line":7,"column":66}}},"1":{"name":"(anonymous_3)","decl":{"start":{"line":9,"column":9},"end":{"line":9,"column":14}},"loc":{"start":{"line":9,"column":51},"end":{"line":24,"column":3}}},"2":{"name":"(anonymous_4)","decl":{"start":{"line":26,"column":9},"end":{"line":26,"column":21}},"loc":{"start":{"line":26,"column":40},"end":{"line":35,"column":3}}}},"branchMap":{"0":{"loc":{"start":{"line":10,"column":4},"end":{"line":14,"column":5}},"type":"if","locations":[{"start":{"line":10,"column":4},"end":{"line":14,"column":5}}]},"1":{"loc":{"start":{"line":10,"column":8},"end":{"line":10,"column":60}},"type":"binary-expr","locations":[{"start":{"line":10,"column":8},"end":{"line":10,"column":32}},{"start":{"line":10,"column":36},"end":{"line":10,"column":60}}]},"2":{"loc":{"start":{"line":28,"column":4},"end":{"line":30,"column":5}},"type":"if","locations":[{"start":{"line":28,"column":4},"end":{"line":30,"column":5}}]},"3":{"loc":{"start":{"line":28,"column":8},"end":{"line":28,"column":40}},"type":"binary-expr","locations":[{"start":{"line":28,"column":8},"end":{"line":28,"column":22}},{"start":{"line":28,"column":26},"end":{"line":28,"column":40}}]},"4":{"loc":{"start":{"line":31,"column":4},"end":{"line":33,"column":5}},"type":"if","locations":[{"start":{"line":31,"column":4},"end":{"line":33,"column":5}}]},"5":{"loc":{"start":{"line":31,"column":8},"end":{"line":31,"column":59}},"type":"binary-expr","locations":[{"start":{"line":31,"column":8},"end":{"line":31,"column":31}},{"start":{"line":31,"column":35},"end":{"line":31,"column":59}}]}},"s":{"0":4,"1":4,"2":4,"3":9,"4":3,"5":2,"6":1,"7":1,"8":1,"9":5,"10":5,"11":2,"12":3,"13":2,"14":1,"15":4,"16":4},"f":{"0":9,"1":3,"2":5},"b":{"0":[2],"1":[3,2],"2":[2],"3":[5,4],"4":[2],"5":[3,2]}}
,"/Users/jeremyfumeron/Documents/sideWorkspace/NestJs/gladia-tt/src/services/lawn-context/lawn-context.service.ts": {"path":"/Users/jeremyfumeron/Documents/sideWorkspace/NestJs/gladia-tt/src/services/lawn-context/lawn-context.service.ts","statementMap":{"0":{"start":{"line":1,"column":0},"end":{"line":1,"column":51}},"1":{"start":{"line":5,"column":7},"end":{"line":15,"column":null}},"2":{"start":{"line":9,"column":4},"end":{"line":9,"column":21}},"3":{"start":{"line":13,"column":4},"end":{"line":13,"column":21}},"4":{"start":{"line":5,"column":13},"end":{"line":5,"column":31}},"5":{"start":{"line":5,"column":13},"end":{"line":15,"column":null}}},"fnMap":{"0":{"name":"(anonymous_1)","decl":{"start":{"line":8,"column":2},"end":{"line":8,"column":5}},"loc":{"start":{"line":8,"column":16},"end":{"line":10,"column":3}}},"1":{"name":"(anonymous_2)","decl":{"start":{"line":12,"column":2},"end":{"line":12,"column":5}},"loc":{"start":{"line":12,"column":5},"end":{"line":14,"column":3}}}},"branchMap":{},"s":{"0":5,"1":5,"2":1,"3":2,"4":5,"5":5},"f":{"0":1,"1":2},"b":{}}
,"/Users/jeremyfumeron/Documents/sideWorkspace/NestJs/gladia-tt/src/services/mower/mower.service.ts": {"path":"/Users/jeremyfumeron/Documents/sideWorkspace/NestJs/gladia-tt/src/services/mower/mower.service.ts","statementMap":{"0":{"start":{"line":1,"column":0},"end":{"line":1,"column":44}},"1":{"start":{"line":2,"column":0},"end":{"line":2,"column":51}},"2":{"start":{"line":4,"column":0},"end":{"line":4,"column":55}},"3":{"start":{"line":7,"column":7},"end":{"line":97,"column":null}},"4":{"start":{"line":8,"column":31},"end":{"line":8,"column":44}},"5":{"start":{"line":11,"column":18},"end":{"line":11,"column":47}},"6":{"start":{"line":12,"column":22},"end":{"line":12,"column":48}},"7":{"start":{"line":13,"column":4},"end":{"line":13,"column":28}},"8":{"start":{"line":17,"column":36},"end":{"line":17,"column":56}},"9":{"start":{"line":18,"column":4},"end":{"line":21,"column":6}},"10":{"start":{"line":25,"column":36},"end":{"line":25,"column":56}},"11":{"start":{"line":26,"column":4},"end":{"line":29,"column":6}},"12":{"start":{"line":33,"column":15},"end":{"line":33,"column":22}},"13":{"start":{"line":34,"column":15},"end":{"line":34,"column":22}},"14":{"start":{"line":36,"column":4},"end":{"line":49,"column":5}},"15":{"start":{"line":38,"column":8},"end":{"line":38,"column":15}},"16":{"start":{"line":39,"column":8},"end":{"line":39,"column":14}},"17":{"start":{"line":41,"column":8},"end":{"line":41,"column":15}},"18":{"start":{"line":42,"column":8},"end":{"line":42,"column":14}},"19":{"start":{"line":44,"column":8},"end":{"line":44,"column":15}},"20":{"start":{"line":45,"column":8},"end":{"line":45,"column":14}},"21":{"start":{"line":47,"column":8},"end":{"line":47,"column":15}},"22":{"start":{"line":48,"column":8},"end":{"line":48,"column":14}},"23":{"start":{"line":51,"column":4},"end":{"line":62,"column":5}},"24":{"start":{"line":57,"column":6},"end":{"line":61,"column":8}},"25":{"start":{"line":64,"column":4},"end":{"line":64,"column":17}},"26":{"start":{"line":71,"column":24},"end":{"line":71,"column":29}},"27":{"start":{"line":72,"column":4},"end":{"line":94,"column":5}},"28":{"start":{"line":73,"column":6},"end":{"line":90,"column":7}},"29":{"start":{"line":75,"column":10},"end":{"line":77,"column":12}},"30":{"start":{"line":78,"column":10},"end":{"line":78,"column":16}},"31":{"start":{"line":80,"column":10},"end":{"line":82,"column":12}},"32":{"start":{"line":83,"column":10},"end":{"line":83,"column":16}},"33":{"start":{"line":85,"column":10},"end":{"line":85,"column":80}},"34":{"start":{"line":86,"column":10},"end":{"line":86,"column":16}},"35":{"start":{"line":88,"column":10},"end":{"line":88,"column":63}},"36":{"start":{"line":89,"column":10},"end":{"line":89,"column":16}},"37":{"start":{"line":91,"column":6},"end":{"line":93,"column":8}},"38":{"start":{"line":95,"column":4},"end":{"line":95,"column":25}},"39":{"start":{"line":7,"column":13},"end":{"line":7,"column":25}},"40":{"start":{"line":7,"column":13},"end":{"line":97,"column":null}}},"fnMap":{"0":{"name":"(anonymous_2)","decl":{"start":{"line":8,"column":2},"end":{"line":8,"column":31}},"loc":{"start":{"line":8,"column":55},"end":{"line":8,"column":59}}},"1":{"name":"(anonymous_3)","decl":{"start":{"line":10,"column":10},"end":{"line":10,"column":16}},"loc":{"start":{"line":10,"column":62},"end":{"line":14,"column":3}}},"2":{"name":"(anonymous_4)","decl":{"start":{"line":16,"column":10},"end":{"line":16,"column":20}},"loc":{"start":{"line":16,"column":41},"end":{"line":22,"column":3}}},"3":{"name":"(anonymous_5)","decl":{"start":{"line":24,"column":10},"end":{"line":24,"column":21}},"loc":{"start":{"line":24,"column":42},"end":{"line":30,"column":3}}},"4":{"name":"(anonymous_6)","decl":{"start":{"line":32,"column":10},"end":{"line":32,"column":21}},"loc":{"start":{"line":32,"column":42},"end":{"line":65,"column":3}}},"5":{"name":"(anonymous_7)","decl":{"start":{"line":67,"column":2},"end":{"line":67,"column":7}},"loc":{"start":{"line":69,"column":26},"end":{"line":96,"column":3}}}},"branchMap":{"0":{"loc":{"start":{"line":36,"column":4},"end":{"line":49,"column":5}},"type":"switch","locations":[{"start":{"line":37,"column":6},"end":{"line":39,"column":14}},{"start":{"line":40,"column":6},"end":{"line":42,"column":14}},{"start":{"line":43,"column":6},"end":{"line":45,"column":14}},{"start":{"line":46,"column":6},"end":{"line":48,"column":14}}]},"1":{"loc":{"start":{"line":51,"column":4},"end":{"line":62,"column":5}},"type":"if","locations":[{"start":{"line":51,"column":4},"end":{"line":62,"column":5}}]},"2":{"loc":{"start":{"line":73,"column":6},"end":{"line":90,"column":7}},"type":"switch","locations":[{"start":{"line":74,"column":8},"end":{"line":78,"column":16}},{"start":{"line":79,"column":8},"end":{"line":83,"column":16}},{"start":{"line":84,"column":8},"end":{"line":86,"column":16}},{"start":{"line":87,"column":8},"end":{"line":89,"column":16}}]}},"s":{"0":3,"1":3,"2":3,"3":3,"4":23,"5":20,"6":20,"7":20,"8":8,"9":8,"10":8,"11":8,"12":16,"13":16,"14":16,"15":4,"16":4,"17":4,"18":4,"19":4,"20":4,"21":4,"22":4,"23":16,"24":12,"25":4,"26":2,"27":2,"28":16,"29":8,"30":8,"31":4,"32":4,"33":4,"34":4,"35":0,"36":0,"37":16,"38":2,"39":3,"40":3},"f":{"0":23,"1":20,"2":8,"3":8,"4":16,"5":2},"b":{"0":[4,4,4,4],"1":[12],"2":[8,4,4,0]}}
,"/Users/jeremyfumeron/Documents/sideWorkspace/NestJs/gladia-tt/src/services/upload-file/upload-file.service.ts": {"path":"/Users/jeremyfumeron/Documents/sideWorkspace/NestJs/gladia-tt/src/services/upload-file/upload-file.service.ts","statementMap":{"0":{"start":{"line":1,"column":0},"end":{"line":1,"column":65}},"1":{"start":{"line":4,"column":7},"end":{"line":21,"column":null}},"2":{"start":{"line":6,"column":4},"end":{"line":8,"column":5}},"3":{"start":{"line":7,"column":6},"end":{"line":7,"column":56}},"4":{"start":{"line":10,"column":29},"end":{"line":10,"column":43}},"5":{"start":{"line":11,"column":4},"end":{"line":13,"column":5}},"6":{"start":{"line":12,"column":6},"end":{"line":12,"column":57}},"7":{"start":{"line":16,"column":20},"end":{"line":16,"column":35}},"8":{"start":{"line":17,"column":4},"end":{"line":19,"column":5}},"9":{"start":{"line":18,"column":6},"end":{"line":18,"column":58}},"10":{"start":{"line":4,"column":13},"end":{"line":4,"column":30}},"11":{"start":{"line":4,"column":13},"end":{"line":21,"column":null}}},"fnMap":{"0":{"name":"(anonymous_1)","decl":{"start":{"line":5,"column":2},"end":{"line":5,"column":14}},"loc":{"start":{"line":5,"column":41},"end":{"line":20,"column":3}}}},"branchMap":{"0":{"loc":{"start":{"line":6,"column":4},"end":{"line":8,"column":5}},"type":"if","locations":[{"start":{"line":6,"column":4},"end":{"line":8,"column":5}}]},"1":{"loc":{"start":{"line":11,"column":4},"end":{"line":13,"column":5}},"type":"if","locations":[{"start":{"line":11,"column":4},"end":{"line":13,"column":5}}]},"2":{"loc":{"start":{"line":17,"column":4},"end":{"line":19,"column":5}},"type":"if","locations":[{"start":{"line":17,"column":4},"end":{"line":19,"column":5}}]}},"s":{"0":2,"1":2,"2":4,"3":1,"4":3,"5":3,"6":1,"7":2,"8":2,"9":1,"10":2,"11":2},"f":{"0":4},"b":{"0":[1],"1":[1],"2":[1]}}
,"/Users/jeremyfumeron/Documents/sideWorkspace/NestJs/gladia-tt/src/utils/format.ts": {"path":"/Users/jeremyfumeron/Documents/sideWorkspace/NestJs/gladia-tt/src/utils/format.ts","statementMap":{"0":{"start":{"line":3,"column":35},"end":{"line":4,"column":44}},"1":{"start":{"line":4,"column":2},"end":{"line":4,"column":44}},"2":{"start":{"line":3,"column":13},"end":{"line":3,"column":35}}},"fnMap":{"0":{"name":"(anonymous_0)","decl":{"start":{"line":3,"column":35},"end":{"line":3,"column":36}},"loc":{"start":{"line":4,"column":2},"end":{"line":4,"column":44}}}},"branchMap":{},"s":{"0":3,"1":34,"2":3},"f":{"0":34},"b":{}}
}
