TN:
SF:src/app.controller.ts
FN:15,(anonymous_4)
FN:22,(anonymous_5)
FN:28,(anonymous_6)
FN:75,(anonymous_7)
FNF:4
FNH:4
FNDA:6,(anonymous_4)
FNDA:6,(anonymous_5)
FNDA:17,(anonymous_6)
FNDA:1,(anonymous_7)
DA:1,1
DA:8,1
DA:9,1
DA:10,1
DA:11,1
DA:14,1
DA:16,6
DA:17,6
DA:22,1
DA:23,6
DA:25,6
DA:26,6
DA:28,17
DA:31,6
DA:32,6
DA:33,2
DA:36,4
DA:37,4
DA:38,4
DA:39,4
DA:40,4
DA:46,1
DA:50,3
DA:51,1
DA:55,2
DA:56,1
DA:60,1
DA:61,1
DA:71,1
DA:75,1
DA:76,1
DA:78,1
LF:32
LH:32
BRDA:32,0,0,2
BRDA:32,1,0,6
BRDA:32,1,1,5
BRDA:40,2,0,1
BRDA:41,3,0,4
BRDA:41,3,1,4
BRDA:41,3,2,4
BRDA:41,3,3,3
BRDA:50,4,0,1
BRDA:55,5,0,1
BRF:10
BRH:10
end_of_record
TN:
SF:src/app.module.ts
FNF:0
FNH:0
DA:1,0
DA:2,0
DA:3,0
DA:4,0
DA:11,0
LF:5
LH:0
BRF:0
BRH:0
end_of_record
TN:
SF:src/app.service.ts
FN:19,(anonymous_2)
FN:24,(anonymous_3)
FNF:2
FNH:2
FNDA:2,(anonymous_2)
FNDA:1,(anonymous_3)
DA:1,2
DA:2,2
DA:3,2
DA:5,2
DA:18,2
DA:20,2
DA:21,2
DA:25,1
DA:27,1
DA:28,1
DA:29,1
DA:30,1
DA:33,1
DA:37,1
DA:40,1
LF:15
LH:15
BRF:0
BRH:0
end_of_record
TN:
SF:src/main.ts
FN:4,bootstrap
FNF:1
FNH:0
FNDA:0,bootstrap
DA:1,0
DA:2,0
DA:5,0
DA:6,0
DA:8,0
LF:5
LH:0
BRDA:6,0,0,0
BRDA:6,0,1,0
BRF:2
BRH:0
end_of_record
TN:
SF:src/domain/enums/actions.enum.ts
FNF:0
FNH:0
DA:1,0
LF:1
LH:0
BRF:0
BRH:0
end_of_record
TN:
SF:src/domain/enums/directions.enum.ts
FNF:0
FNH:0
DA:1,0
LF:1
LH:0
BRF:0
BRH:0
end_of_record
TN:
SF:src/domain/enums/index.ts
FNF:0
FNH:0
DA:1,0
DA:2,0
LF:2
LH:0
BRF:0
BRH:0
end_of_record
TN:
SF:src/domain/interfaces/index.ts
FNF:0
FNH:0
DA:1,0
DA:2,0
DA:3,0
DA:4,0
DA:5,0
LF:5
LH:0
BRF:0
BRH:0
end_of_record
TN:
SF:src/services/services.module.ts
FNF:0
FNH:0
DA:1,0
DA:2,0
DA:3,0
DA:4,0
DA:5,0
DA:17,0
LF:6
LH:0
BRF:0
BRH:0
end_of_record
TN:
SF:src/services/lawn/lawn.service.ts
FN:7,(anonymous_2)
FN:9,(anonymous_3)
FN:26,(anonymous_4)
FNF:3
FNH:3
FNDA:9,(anonymous_2)
FNDA:3,(anonymous_3)
FNDA:5,(anonymous_4)
DA:1,4
DA:3,4
DA:6,4
DA:7,9
DA:10,3
DA:11,2
DA:16,1
DA:21,1
DA:23,1
DA:27,5
DA:28,5
DA:29,2
DA:31,3
DA:32,2
DA:34,1
LF:15
LH:15
BRDA:10,0,0,2
BRDA:10,1,0,3
BRDA:10,1,1,2
BRDA:28,2,0,2
BRDA:28,3,0,5
BRDA:28,3,1,4
BRDA:31,4,0,2
BRDA:31,5,0,3
BRDA:31,5,1,2
BRF:9
BRH:9
end_of_record
TN:
SF:src/services/lawn-context/lawn-context.service.ts
FN:8,(anonymous_1)
FN:12,(anonymous_2)
FNF:2
FNH:2
FNDA:1,(anonymous_1)
FNDA:2,(anonymous_2)
DA:1,5
DA:5,5
DA:9,1
DA:13,2
LF:4
LH:4
BRF:0
BRH:0
end_of_record
TN:
SF:src/services/mower/mower.service.ts
FN:8,(anonymous_2)
FN:10,(anonymous_3)
FN:16,(anonymous_4)
FN:24,(anonymous_5)
FN:32,(anonymous_6)
FN:67,(anonymous_7)
FNF:6
FNH:6
FNDA:23,(anonymous_2)
FNDA:20,(anonymous_3)
FNDA:8,(anonymous_4)
FNDA:8,(anonymous_5)
FNDA:16,(anonymous_6)
FNDA:2,(anonymous_7)
DA:1,3
DA:2,3
DA:4,3
DA:7,3
DA:8,23
DA:11,20
DA:12,20
DA:13,20
DA:17,8
DA:18,8
DA:25,8
DA:26,8
DA:33,16
DA:34,16
DA:36,16
DA:38,4
DA:39,4
DA:41,4
DA:42,4
DA:44,4
DA:45,4
DA:47,4
DA:48,4
DA:51,16
DA:57,12
DA:64,4
DA:71,2
DA:72,2
DA:73,16
DA:75,8
DA:78,8
DA:80,4
DA:83,4
DA:85,4
DA:86,4
DA:88,0
DA:89,0
DA:91,16
DA:95,2
LF:39
LH:37
BRDA:36,0,0,4
BRDA:36,0,1,4
BRDA:36,0,2,4
BRDA:36,0,3,4
BRDA:51,1,0,12
BRDA:73,2,0,8
BRDA:73,2,1,4
BRDA:73,2,2,4
BRDA:73,2,3,0
BRF:9
BRH:8
end_of_record
TN:
SF:src/services/upload-file/upload-file.service.ts
FN:5,(anonymous_1)
FNF:1
FNH:1
FNDA:4,(anonymous_1)
DA:1,2
DA:4,2
DA:6,4
DA:7,1
DA:10,3
DA:11,3
DA:12,1
DA:16,2
DA:17,2
DA:18,1
LF:10
LH:10
BRDA:6,0,0,1
BRDA:11,1,0,1
BRDA:17,2,0,1
BRF:3
BRH:3
end_of_record
TN:
SF:src/utils/format.ts
FN:3,(anonymous_0)
FNF:1
FNH:1
FNDA:34,(anonymous_0)
DA:3,3
DA:4,34
LF:2
LH:2
BRF:0
BRH:0
end_of_record
